<?xml version="1.0" encoding="UTF-8"?>

<mule xmlns:ee="http://www.mulesoft.org/schema/mule/ee/core" xmlns:http="http://www.mulesoft.org/schema/mule/http"
	xmlns="http://www.mulesoft.org/schema/mule/core"
	xmlns:doc="http://www.mulesoft.org/schema/mule/documentation" xmlns:xsi="http://www.w3.org/2001/XMLSchema-instance" xsi:schemaLocation="http://www.mulesoft.org/schema/mule/core http://www.mulesoft.org/schema/mule/core/current/mule.xsd
http://www.mulesoft.org/schema/mule/http http://www.mulesoft.org/schema/mule/http/current/mule-http.xsd
http://www.mulesoft.org/schema/mule/ee/core http://www.mulesoft.org/schema/mule/ee/core/current/mule-ee.xsd">
	<http:listener-config name="HTTP_Listener_config" doc:name="HTTP Listener config" doc:id="0736df52-c08f-464c-afc7-8e6c18454826" >
		<http:listener-connection host="0.0.0.0" port="8081" />
	</http:listener-config>
	<flow name="test-max-repoFlow" doc:id="9eb5af73-8ac0-4bbd-9661-89176cc4dc0e" >
		<http:listener doc:name="Listener" doc:id="f0c4152d-0b3e-407e-a2bd-f2c184a7d8c2" config-ref="HTTP_Listener_config" path="/test"/>
		<ee:transform doc:name="Transform Message" doc:id="23bedb94-47bd-4dfd-9c7c-e57f319e9154" >
			<ee:message >
				<ee:set-payload ><![CDATA[%dw 2.0
output application/json
---
"Hello World!"]]></ee:set-payload>
			</ee:message>
		</ee:transform>
	</flow>
</mule>
